<?xml version="1.0" encoding="UTF-8"?>
<!-- Generated by org.testng.reporters.JUnitReportReporter -->
<testsuite skipped="0" hostname="wilson-HP-240-G4-Notebook-PC" name="br.estadao.quality.test.EstadaoTest" tests="1" failures="0" timestamp="12 mar 2019 21:17:39 GMT" time="56.531" errors="0">
  <testcase name="subscriberContent" time="56.531" classname="br.estadao.quality.test.EstadaoTest"/>
</testsuite> <!-- br.estadao.quality.test.EstadaoTest -->
